<?xml version="1.0" encoding="UTF-8"?>
<testsuite xmlns:xsi="http://www.w3.org/2001/XMLSchema-instance" xsi:noNamespaceSchemaLocation="https://maven.apache.org/surefire/maven-surefire-plugin/xsd/surefire-test-report-3.0.xsd" version="3.0" name="com.csye6220.Elearning.ElearningApplicationTests" time="1.795" tests="1" errors="0" skipped="0" failures="0">
  <properties>
[...]
</properties>
  <testcase name="contextLoads" classname="com.csye6220.Elearning.ElearningApplicationTests" time="0.389">
    <system-out><![CDATA[12:48:12.332 [main] INFO org.springframework.test.context.support.AnnotationConfigContextLoaderUtils -- Could not detect default configuration classes for test class [com.csye6220.Elearning.ElearningApplicationTests]: ElearningApplicationTests does not declare any static, non-private, non-final, nested classes annotated with @Configuration.
12:48:12.374 [main] INFO org.springframework.boot.test.context.SpringBootTestContextBootstrapper -- Found @SpringBootConfiguration com.csye6220.Elearning.ElearningApplication for test class com.csye6220.Elearning.ElearningApplicationTests

  .   ____          _            __ _ _
 /\\ / ___'_ __ _ _(_)_ __  __ _ \ \ \ \
( ( )\___ | '_ | '_| | '_ \/ _` | \ \ \ \
 \\/  ___)| |_)| | | | | || (_| |  ) ) ) )
  '  |____| .__|_| |_|_| |_\__, | / / / /
 =========|_|==============|___/=/_/_/_/
 :: Spring Boot ::                (v3.2.0)

2023-12-11T12:48:12.517-05:00  INFO 50472 --- [           main] c.c.Elearning.ElearningApplicationTests  : Starting ElearningApplicationTests using Java 17.0.9 with PID 50472 (started by sudheendrasubnavis in /Users/sudheendrasubnavis/Desktop/Elearning)
2023-12-11T12:48:12.517-05:00  INFO 50472 --- [           main] c.c.Elearning.ElearningApplicationTests  : No active profile set, falling back to 1 default profile: "default"
2023-12-11T12:48:13.090-05:00  WARN 50472 --- [           main] o.s.security.core.userdetails.User       : User.withDefaultPasswordEncoder() is considered unsafe for production and is only intended for sample applications.
2023-12-11T12:48:13.171-05:00  WARN 50472 --- [           main] o.s.security.core.userdetails.User       : User.withDefaultPasswordEncoder() is considered unsafe for production and is only intended for sample applications.
2023-12-11T12:48:13.243-05:00  WARN 50472 --- [           main] o.s.security.core.userdetails.User       : User.withDefaultPasswordEncoder() is considered unsafe for production and is only intended for sample applications.
2023-12-11T12:48:13.314-05:00  WARN 50472 --- [           main] o.s.security.core.userdetails.User       : User.withDefaultPasswordEncoder() is considered unsafe for production and is only intended for sample applications.
2023-12-11T12:48:13.386-05:00  WARN 50472 --- [           main] o.s.security.core.userdetails.User       : User.withDefaultPasswordEncoder() is considered unsafe for production and is only intended for sample applications.
2023-12-11T12:48:13.553-05:00  INFO 50472 --- [           main] o.s.s.web.DefaultSecurityFilterChain     : Will secure any request with [org.springframework.security.web.session.DisableEncodeUrlFilter@119d4443, org.springframework.security.web.context.request.async.WebAsyncManagerIntegrationFilter@773eca84, org.springframework.security.web.context.SecurityContextHolderFilter@1ad1c363, org.springframework.security.web.header.HeaderWriterFilter@4ae280da, org.springframework.web.filter.CorsFilter@7d47dfed, org.springframework.security.web.authentication.logout.LogoutFilter@64a1116a, org.springframework.security.web.authentication.UsernamePasswordAuthenticationFilter@1544ded3, org.springframework.security.web.savedrequest.RequestCacheAwareFilter@35ac9ebd, org.springframework.security.web.servletapi.SecurityContextHolderAwareRequestFilter@56c0a61e, org.springframework.security.web.authentication.AnonymousAuthenticationFilter@3a38e4dc, org.springframework.security.web.access.ExceptionTranslationFilter@36551e97, org.springframework.security.web.access.intercept.AuthorizationFilter@537b3b2e]
2023-12-11T12:48:13.660-05:00  INFO 50472 --- [           main] c.c.Elearning.ElearningApplicationTests  : Started ElearningApplicationTests in 1.232 seconds (process running for 1.605)
]]></system-out>
  </testcase>
</testsuite>